2019-08-01 19:21:10.531 [main] INFO  cn.itrip.auth.Itripauth - Starting Itripauth on MS-20181111PFYL with PID 4380 (D:\project\itripnew\itripauth\target\classes started by Administrator in D:\project\itripnew)
2019-08-01 19:21:10.698 [main] INFO  cn.itrip.auth.Itripauth - No active profile set, falling back to default profiles: default
2019-08-01 19:21:11.001 [main] INFO  o.s.b.c.e.AnnotationConfigEmbeddedWebApplicationContext - Refreshing org.springframework.boot.context.embedded.AnnotationConfigEmbeddedWebApplicationContext@2473d930: startup date [Thu Aug 01 19:21:11 CST 2019]; root of context hierarchy
2019-08-01 19:21:11.951 [background-preinit] INFO  org.hibernate.validator.internal.util.Version - HV000001: Hibernate Validator 5.3.6.Final
2019-08-01 19:21:13.896 [main] INFO  o.s.d.r.config.RepositoryConfigurationDelegate - Multiple Spring Data modules found, entering strict repository configuration mode!
2019-08-01 19:21:14.752 [main] INFO  o.s.c.s.PostProcessorRegistrationDelegate$BeanPostProcessorChecker - Bean 'org.springframework.transaction.annotation.ProxyTransactionManagementConfiguration' of type [org.springframework.transaction.annotation.ProxyTransactionManagementConfiguration$$EnhancerBySpringCGLIB$$b2e1bffe] is not eligible for getting processed by all BeanPostProcessors (for example: not eligible for auto-proxying)
2019-08-01 19:21:16.483 [main] INFO  o.s.b.c.e.tomcat.TomcatEmbeddedServletContainer - Tomcat initialized with port(s): 8090 (http)
2019-08-01 19:21:16.519 [main] INFO  org.apache.catalina.core.StandardService - Starting service [Tomcat]
2019-08-01 19:21:16.521 [main] INFO  org.apache.catalina.core.StandardEngine - Starting Servlet Engine: Apache Tomcat/8.5.23
2019-08-01 19:21:16.808 [localhost-startStop-1] INFO  o.a.c.core.ContainerBase.[Tomcat].[localhost].[/] - Initializing Spring embedded WebApplicationContext
2019-08-01 19:21:16.809 [localhost-startStop-1] INFO  org.springframework.web.context.ContextLoader - Root WebApplicationContext: initialization completed in 5808 ms
2019-08-01 19:21:17.083 [localhost-startStop-1] INFO  o.s.boot.web.servlet.ServletRegistrationBean - Mapping servlet: 'dispatcherServlet' to [/]
2019-08-01 19:21:17.089 [localhost-startStop-1] INFO  o.s.boot.web.servlet.FilterRegistrationBean - Mapping filter: 'characterEncodingFilter' to: [/*]
2019-08-01 19:21:17.090 [localhost-startStop-1] INFO  o.s.boot.web.servlet.FilterRegistrationBean - Mapping filter: 'hiddenHttpMethodFilter' to: [/*]
2019-08-01 19:21:17.091 [localhost-startStop-1] INFO  o.s.boot.web.servlet.FilterRegistrationBean - Mapping filter: 'httpPutFormContentFilter' to: [/*]
2019-08-01 19:21:17.091 [localhost-startStop-1] INFO  o.s.boot.web.servlet.FilterRegistrationBean - Mapping filter: 'requestContextFilter' to: [/*]
2019-08-01 19:21:18.598 [main] INFO  org.apache.catalina.core.StandardService - Stopping service [Tomcat]
2019-08-01 19:21:18.788 [main] INFO  o.s.b.a.l.AutoConfigurationReportLoggingInitializer - 

Error starting ApplicationContext. To display the auto-configuration report re-run your application with 'debug' enabled.
2019-08-01 19:35:47.379 [main] INFO  cn.itrip.auth.Itripauth - Starting Itripauth on MS-20181111PFYL with PID 5476 (D:\project\itripnew\itripauth\target\classes started by Administrator in D:\project\itripnew)
2019-08-01 19:35:47.385 [main] INFO  cn.itrip.auth.Itripauth - No active profile set, falling back to default profiles: default
2019-08-01 19:35:47.664 [background-preinit] INFO  org.hibernate.validator.internal.util.Version - HV000001: Hibernate Validator 5.3.6.Final
2019-08-01 19:35:48.040 [main] INFO  o.s.b.c.e.AnnotationConfigEmbeddedWebApplicationContext - Refreshing org.springframework.boot.context.embedded.AnnotationConfigEmbeddedWebApplicationContext@49b0b76: startup date [Thu Aug 01 19:35:48 CST 2019]; root of context hierarchy
2019-08-01 19:35:50.526 [main] INFO  o.s.d.r.config.RepositoryConfigurationDelegate - Multiple Spring Data modules found, entering strict repository configuration mode!
2019-08-01 19:35:51.395 [main] INFO  o.s.c.s.PostProcessorRegistrationDelegate$BeanPostProcessorChecker - Bean 'org.springframework.transaction.annotation.ProxyTransactionManagementConfiguration' of type [org.springframework.transaction.annotation.ProxyTransactionManagementConfiguration$$EnhancerBySpringCGLIB$$ec396060] is not eligible for getting processed by all BeanPostProcessors (for example: not eligible for auto-proxying)
2019-08-01 19:35:52.635 [main] INFO  o.s.b.c.e.tomcat.TomcatEmbeddedServletContainer - Tomcat initialized with port(s): 8090 (http)
2019-08-01 19:35:52.660 [main] INFO  org.apache.catalina.core.StandardService - Starting service [Tomcat]
2019-08-01 19:35:52.662 [main] INFO  org.apache.catalina.core.StandardEngine - Starting Servlet Engine: Apache Tomcat/8.5.23
2019-08-01 19:35:52.924 [localhost-startStop-1] INFO  o.a.c.core.ContainerBase.[Tomcat].[localhost].[/] - Initializing Spring embedded WebApplicationContext
2019-08-01 19:35:52.924 [localhost-startStop-1] INFO  org.springframework.web.context.ContextLoader - Root WebApplicationContext: initialization completed in 4885 ms
2019-08-01 19:35:53.202 [localhost-startStop-1] INFO  o.s.boot.web.servlet.ServletRegistrationBean - Mapping servlet: 'dispatcherServlet' to [/]
2019-08-01 19:35:53.212 [localhost-startStop-1] INFO  o.s.boot.web.servlet.FilterRegistrationBean - Mapping filter: 'characterEncodingFilter' to: [/*]
2019-08-01 19:35:53.213 [localhost-startStop-1] INFO  o.s.boot.web.servlet.FilterRegistrationBean - Mapping filter: 'hiddenHttpMethodFilter' to: [/*]
2019-08-01 19:35:53.213 [localhost-startStop-1] INFO  o.s.boot.web.servlet.FilterRegistrationBean - Mapping filter: 'httpPutFormContentFilter' to: [/*]
2019-08-01 19:35:53.213 [localhost-startStop-1] INFO  o.s.boot.web.servlet.FilterRegistrationBean - Mapping filter: 'requestContextFilter' to: [/*]
2019-08-01 19:35:54.619 [main] INFO  org.apache.catalina.core.StandardService - Stopping service [Tomcat]
2019-08-01 19:35:54.750 [main] INFO  o.s.b.a.l.AutoConfigurationReportLoggingInitializer - 

Error starting ApplicationContext. To display the auto-configuration report re-run your application with 'debug' enabled.
2019-08-01 19:51:02.852 [main] INFO  cn.itrip.auth.Itripauth - Starting Itripauth on MS-20181111PFYL with PID 5420 (D:\project\itripnew\itripauth\target\classes started by Administrator in D:\project\itripnew)
2019-08-01 19:51:02.859 [main] INFO  cn.itrip.auth.Itripauth - No active profile set, falling back to default profiles: default
2019-08-01 19:51:03.007 [main] INFO  o.s.b.c.e.AnnotationConfigEmbeddedWebApplicationContext - Refreshing org.springframework.boot.context.embedded.AnnotationConfigEmbeddedWebApplicationContext@6e4784bc: startup date [Thu Aug 01 19:51:03 CST 2019]; root of context hierarchy
2019-08-01 19:51:04.016 [background-preinit] INFO  org.hibernate.validator.internal.util.Version - HV000001: Hibernate Validator 5.3.6.Final
2019-08-01 19:51:06.622 [main] INFO  o.s.d.r.config.RepositoryConfigurationDelegate - Multiple Spring Data modules found, entering strict repository configuration mode!
2019-08-01 19:51:07.618 [main] INFO  o.s.c.s.PostProcessorRegistrationDelegate$BeanPostProcessorChecker - Bean 'org.springframework.transaction.annotation.ProxyTransactionManagementConfiguration' of type [org.springframework.transaction.annotation.ProxyTransactionManagementConfiguration$$EnhancerBySpringCGLIB$$dbc896b8] is not eligible for getting processed by all BeanPostProcessors (for example: not eligible for auto-proxying)
2019-08-01 19:51:08.855 [main] INFO  o.s.b.c.e.tomcat.TomcatEmbeddedServletContainer - Tomcat initialized with port(s): 8090 (http)
2019-08-01 19:51:08.880 [main] INFO  org.apache.catalina.core.StandardService - Starting service [Tomcat]
2019-08-01 19:51:08.885 [main] INFO  org.apache.catalina.core.StandardEngine - Starting Servlet Engine: Apache Tomcat/8.5.23
2019-08-01 19:51:09.231 [localhost-startStop-1] INFO  o.a.c.core.ContainerBase.[Tomcat].[localhost].[/] - Initializing Spring embedded WebApplicationContext
2019-08-01 19:51:09.240 [localhost-startStop-1] INFO  org.springframework.web.context.ContextLoader - Root WebApplicationContext: initialization completed in 6233 ms
2019-08-01 19:51:09.648 [localhost-startStop-1] INFO  o.s.boot.web.servlet.ServletRegistrationBean - Mapping servlet: 'dispatcherServlet' to [/]
2019-08-01 19:51:09.659 [localhost-startStop-1] INFO  o.s.boot.web.servlet.FilterRegistrationBean - Mapping filter: 'characterEncodingFilter' to: [/*]
2019-08-01 19:51:09.661 [localhost-startStop-1] INFO  o.s.boot.web.servlet.FilterRegistrationBean - Mapping filter: 'hiddenHttpMethodFilter' to: [/*]
2019-08-01 19:51:09.662 [localhost-startStop-1] INFO  o.s.boot.web.servlet.FilterRegistrationBean - Mapping filter: 'httpPutFormContentFilter' to: [/*]
2019-08-01 19:51:09.663 [localhost-startStop-1] INFO  o.s.boot.web.servlet.FilterRegistrationBean - Mapping filter: 'requestContextFilter' to: [/*]
2019-08-01 19:51:11.883 [main] INFO  o.s.w.s.m.m.a.RequestMappingHandlerMapping - Mapped "{[/api/dologin],methods=[POST],produces=[application/json]}" onto public cn.itrip.beans.dto.Dto cn.itrip.auth.controller.LoginController.dologin(java.lang.String,java.lang.String,javax.servlet.http.HttpServletRequest)
2019-08-01 19:51:11.886 [main] INFO  o.s.w.s.m.m.a.RequestMappingHandlerMapping - Mapped "{[/api/logout],methods=[GET],headers=[token],produces=[application/json]}" onto public cn.itrip.beans.dto.Dto cn.itrip.auth.controller.LoginController.logout(javax.servlet.http.HttpServletRequest)
2019-08-01 19:51:11.888 [main] INFO  o.s.w.s.m.m.a.RequestMappingHandlerMapping - Mapped "{[/api/retoken],methods=[POST],produces=[application/json]}" onto public cn.itrip.beans.dto.Dto cn.itrip.auth.controller.TokenController.replace(javax.servlet.http.HttpServletRequest)
2019-08-01 19:51:11.892 [main] INFO  o.s.w.s.m.m.a.RequestMappingHandlerMapping - Mapped "{[/api/register]}" onto public java.lang.String cn.itrip.auth.controller.UserController.showRegisterForm()
2019-08-01 19:51:11.893 [main] INFO  o.s.w.s.m.m.a.RequestMappingHandlerMapping - Mapped "{[/api/registerbyphone],methods=[POST],produces=[application/json]}" onto public cn.itrip.beans.dto.Dto cn.itrip.auth.controller.UserController.registerByPhone(cn.itrip.beans.vo.userinfo.ItripUserVO)
2019-08-01 19:51:11.893 [main] INFO  o.s.w.s.m.m.a.RequestMappingHandlerMapping - Mapped "{[/api/ckusr],methods=[GET],produces=[application/json]}" onto public cn.itrip.beans.dto.Dto cn.itrip.auth.controller.UserController.checkUser(java.lang.String)
2019-08-01 19:51:11.894 [main] INFO  o.s.w.s.m.m.a.RequestMappingHandlerMapping - Mapped "{[/api/activate],methods=[PUT],produces=[application/json]}" onto public cn.itrip.beans.dto.Dto cn.itrip.auth.controller.UserController.activate(java.lang.String,java.lang.String)
2019-08-01 19:51:11.894 [main] INFO  o.s.w.s.m.m.a.RequestMappingHandlerMapping - Mapped "{[/api/validatephone],methods=[PUT],produces=[application/json]}" onto public cn.itrip.beans.dto.Dto cn.itrip.auth.controller.UserController.validatePhone(java.lang.String,java.lang.String)
2019-08-01 19:51:11.895 [main] INFO  o.s.w.s.m.m.a.RequestMappingHandlerMapping - Mapped "{[/api/doregister],methods=[POST],produces=[application/json]}" onto public cn.itrip.beans.dto.Dto cn.itrip.auth.controller.UserController.doRegister(cn.itrip.beans.vo.userinfo.ItripUserVO)
2019-08-01 19:51:11.898 [main] INFO  o.s.w.s.m.m.a.RequestMappingHandlerMapping - Mapped "{[/vendors/wechat/callback]}" onto public void cn.itrip.auth.controller.VendorsController.wechatCallback(java.lang.String,javax.servlet.http.HttpServletRequest,javax.servlet.http.HttpServletResponse) throws java.io.IOException
2019-08-01 19:51:11.899 [main] INFO  o.s.w.s.m.m.a.RequestMappingHandlerMapping - Mapped "{[/vendors/wechat/login]}" onto public void cn.itrip.auth.controller.VendorsController.wechatLogin(javax.servlet.http.HttpServletResponse)
2019-08-01 19:51:11.899 [main] INFO  o.s.w.s.m.m.a.RequestMappingHandlerMapping - Mapped "{[/vendors/wechat/user/info],methods=[GET],produces=[application/json]}" onto public cn.itrip.beans.dto.Dto cn.itrip.auth.controller.VendorsController.wechatUserInfo(java.lang.String,java.lang.String)
2019-08-01 19:51:11.900 [main] INFO  o.s.w.s.m.m.a.RequestMappingHandlerMapping - Mapped "{[/vendors/wechat/token/refresh],methods=[POST],produces=[application/json]}" onto public cn.itrip.beans.dto.Dto cn.itrip.auth.controller.VendorsController.wechatRefreshToken(javax.servlet.http.HttpServletRequest,javax.servlet.http.HttpServletResponse)
2019-08-01 19:51:11.902 [main] INFO  o.s.w.s.m.m.a.RequestMappingHandlerMapping - Mapped "{[/v2/api-docs],methods=[GET],produces=[application/json || application/hal+json]}" onto public org.springframework.http.ResponseEntity<springfox.documentation.spring.web.json.Json> springfox.documentation.swagger2.web.Swagger2Controller.getDocumentation(java.lang.String,javax.servlet.http.HttpServletRequest)
2019-08-01 19:51:11.914 [main] INFO  o.s.w.s.m.m.a.RequestMappingHandlerMapping - Mapped "{[/swagger-resources/configuration/ui]}" onto org.springframework.http.ResponseEntity<springfox.documentation.swagger.web.UiConfiguration> springfox.documentation.swagger.web.ApiResourceController.uiConfiguration()
2019-08-01 19:51:11.916 [main] INFO  o.s.w.s.m.m.a.RequestMappingHandlerMapping - Mapped "{[/swagger-resources]}" onto org.springframework.http.ResponseEntity<java.util.List<springfox.documentation.swagger.web.SwaggerResource>> springfox.documentation.swagger.web.ApiResourceController.swaggerResources()
2019-08-01 19:51:11.918 [main] INFO  o.s.w.s.m.m.a.RequestMappingHandlerMapping - Mapped "{[/swagger-resources/configuration/security]}" onto org.springframework.http.ResponseEntity<springfox.documentation.swagger.web.SecurityConfiguration> springfox.documentation.swagger.web.ApiResourceController.securityConfiguration()
2019-08-01 19:51:11.924 [main] INFO  o.s.w.s.m.m.a.RequestMappingHandlerMapping - Mapped "{[/error]}" onto public org.springframework.http.ResponseEntity<java.util.Map<java.lang.String, java.lang.Object>> org.springframework.boot.autoconfigure.web.BasicErrorController.error(javax.servlet.http.HttpServletRequest)
2019-08-01 19:51:11.925 [main] INFO  o.s.w.s.m.m.a.RequestMappingHandlerMapping - Mapped "{[/error],produces=[text/html]}" onto public org.springframework.web.servlet.ModelAndView org.springframework.boot.autoconfigure.web.BasicErrorController.errorHtml(javax.servlet.http.HttpServletRequest,javax.servlet.http.HttpServletResponse)
2019-08-01 19:51:12.718 [main] INFO  o.s.w.s.m.m.a.RequestMappingHandlerAdapter - Looking for @ControllerAdvice: org.springframework.boot.context.embedded.AnnotationConfigEmbeddedWebApplicationContext@6e4784bc: startup date [Thu Aug 01 19:51:03 CST 2019]; root of context hierarchy
2019-08-01 19:51:12.857 [main] INFO  o.s.web.servlet.handler.SimpleUrlHandlerMapping - Mapped URL path [/swagger-ui.html] onto handler of type [class org.springframework.web.servlet.resource.ResourceHttpRequestHandler]
2019-08-01 19:51:12.857 [main] INFO  o.s.web.servlet.handler.SimpleUrlHandlerMapping - Mapped URL path [/webjars/**] onto handler of type [class org.springframework.web.servlet.resource.ResourceHttpRequestHandler]
2019-08-01 19:51:12.857 [main] INFO  o.s.web.servlet.handler.SimpleUrlHandlerMapping - Mapped URL path [/**] onto handler of type [class org.springframework.web.servlet.resource.ResourceHttpRequestHandler]
2019-08-01 19:51:12.952 [main] INFO  o.s.web.servlet.handler.SimpleUrlHandlerMapping - Mapped URL path [/**/favicon.ico] onto handler of type [class org.springframework.web.servlet.resource.ResourceHttpRequestHandler]
2019-08-01 19:51:14.259 [main] INFO  o.s.jmx.export.annotation.AnnotationMBeanExporter - Registering beans for JMX exposure on startup
2019-08-01 19:51:14.324 [main] INFO  o.s.context.support.DefaultLifecycleProcessor - Starting beans in phase 2147483647
2019-08-01 19:51:14.325 [main] INFO  s.d.s.web.plugins.DocumentationPluginsBootstrapper - Context refreshed
2019-08-01 19:51:14.427 [main] INFO  s.d.s.web.plugins.DocumentationPluginsBootstrapper - Found 1 custom documentation plugin(s)
2019-08-01 19:51:14.453 [main] INFO  s.d.spring.web.scanners.ApiListingReferenceScanner - Scanning for api listing references
2019-08-01 19:51:15.402 [main] INFO  org.apache.coyote.http11.Http11NioProtocol - Initializing ProtocolHandler ["http-nio-8090"]
2019-08-01 19:51:15.429 [main] INFO  org.apache.coyote.http11.Http11NioProtocol - Starting ProtocolHandler ["http-nio-8090"]
2019-08-01 19:51:15.454 [main] INFO  org.apache.tomcat.util.net.NioSelectorPool - Using a shared selector for servlet write/read
2019-08-01 19:51:15.609 [main] INFO  o.s.b.c.e.tomcat.TomcatEmbeddedServletContainer - Tomcat started on port(s): 8090 (http)
2019-08-01 19:51:15.621 [main] INFO  cn.itrip.auth.Itripauth - Started Itripauth in 13.908 seconds (JVM running for 14.903)
2019-08-01 19:52:12.274 [main] INFO  cn.itrip.auth.Itripauth - Starting Itripauth on MS-20181111PFYL with PID 5332 (D:\project\itripnew\itripauth\target\classes started by Administrator in D:\project\itripnew)
2019-08-01 19:52:12.282 [main] INFO  cn.itrip.auth.Itripauth - No active profile set, falling back to default profiles: default
2019-08-01 19:52:12.491 [main] INFO  o.s.b.c.e.AnnotationConfigEmbeddedWebApplicationContext - Refreshing org.springframework.boot.context.embedded.AnnotationConfigEmbeddedWebApplicationContext@34b7ac2f: startup date [Thu Aug 01 19:52:12 CST 2019]; root of context hierarchy
2019-08-01 19:52:14.115 [background-preinit] INFO  org.hibernate.validator.internal.util.Version - HV000001: Hibernate Validator 5.3.6.Final
2019-08-01 19:52:16.187 [main] INFO  o.s.d.r.config.RepositoryConfigurationDelegate - Multiple Spring Data modules found, entering strict repository configuration mode!
2019-08-01 19:52:17.041 [main] INFO  o.s.c.s.PostProcessorRegistrationDelegate$BeanPostProcessorChecker - Bean 'org.springframework.transaction.annotation.ProxyTransactionManagementConfiguration' of type [org.springframework.transaction.annotation.ProxyTransactionManagementConfiguration$$EnhancerBySpringCGLIB$$5b9ad763] is not eligible for getting processed by all BeanPostProcessors (for example: not eligible for auto-proxying)
2019-08-01 19:52:18.515 [main] INFO  o.s.b.c.e.tomcat.TomcatEmbeddedServletContainer - Tomcat initialized with port(s): 8090 (http)
2019-08-01 19:52:18.538 [main] INFO  org.apache.catalina.core.StandardService - Starting service [Tomcat]
2019-08-01 19:52:18.540 [main] INFO  org.apache.catalina.core.StandardEngine - Starting Servlet Engine: Apache Tomcat/8.5.23
2019-08-01 19:52:18.819 [localhost-startStop-1] INFO  o.a.c.core.ContainerBase.[Tomcat].[localhost].[/] - Initializing Spring embedded WebApplicationContext
2019-08-01 19:52:18.819 [localhost-startStop-1] INFO  org.springframework.web.context.ContextLoader - Root WebApplicationContext: initialization completed in 6328 ms
2019-08-01 19:52:19.116 [localhost-startStop-1] INFO  o.s.boot.web.servlet.ServletRegistrationBean - Mapping servlet: 'dispatcherServlet' to [/]
2019-08-01 19:52:19.126 [localhost-startStop-1] INFO  o.s.boot.web.servlet.FilterRegistrationBean - Mapping filter: 'characterEncodingFilter' to: [/*]
2019-08-01 19:52:19.127 [localhost-startStop-1] INFO  o.s.boot.web.servlet.FilterRegistrationBean - Mapping filter: 'hiddenHttpMethodFilter' to: [/*]
2019-08-01 19:52:19.128 [localhost-startStop-1] INFO  o.s.boot.web.servlet.FilterRegistrationBean - Mapping filter: 'httpPutFormContentFilter' to: [/*]
2019-08-01 19:52:19.128 [localhost-startStop-1] INFO  o.s.boot.web.servlet.FilterRegistrationBean - Mapping filter: 'requestContextFilter' to: [/*]
2019-08-01 19:52:21.271 [main] INFO  o.s.w.s.m.m.a.RequestMappingHandlerMapping - Mapped "{[/api/dologin],methods=[POST],produces=[application/json]}" onto public cn.itrip.beans.dto.Dto cn.itrip.auth.controller.LoginController.dologin(java.lang.String,java.lang.String,javax.servlet.http.HttpServletRequest)
2019-08-01 19:52:21.274 [main] INFO  o.s.w.s.m.m.a.RequestMappingHandlerMapping - Mapped "{[/api/logout],methods=[GET],headers=[token],produces=[application/json]}" onto public cn.itrip.beans.dto.Dto cn.itrip.auth.controller.LoginController.logout(javax.servlet.http.HttpServletRequest)
2019-08-01 19:52:21.276 [main] INFO  o.s.w.s.m.m.a.RequestMappingHandlerMapping - Mapped "{[/api/retoken],methods=[POST],produces=[application/json]}" onto public cn.itrip.beans.dto.Dto cn.itrip.auth.controller.TokenController.replace(javax.servlet.http.HttpServletRequest)
2019-08-01 19:52:21.280 [main] INFO  o.s.w.s.m.m.a.RequestMappingHandlerMapping - Mapped "{[/api/register]}" onto public java.lang.String cn.itrip.auth.controller.UserController.showRegisterForm()
2019-08-01 19:52:21.282 [main] INFO  o.s.w.s.m.m.a.RequestMappingHandlerMapping - Mapped "{[/api/registerbyphone],methods=[POST],produces=[application/json]}" onto public cn.itrip.beans.dto.Dto cn.itrip.auth.controller.UserController.registerByPhone(cn.itrip.beans.vo.userinfo.ItripUserVO)
2019-08-01 19:52:21.282 [main] INFO  o.s.w.s.m.m.a.RequestMappingHandlerMapping - Mapped "{[/api/ckusr],methods=[GET],produces=[application/json]}" onto public cn.itrip.beans.dto.Dto cn.itrip.auth.controller.UserController.checkUser(java.lang.String)
2019-08-01 19:52:21.283 [main] INFO  o.s.w.s.m.m.a.RequestMappingHandlerMapping - Mapped "{[/api/activate],methods=[PUT],produces=[application/json]}" onto public cn.itrip.beans.dto.Dto cn.itrip.auth.controller.UserController.activate(java.lang.String,java.lang.String)
2019-08-01 19:52:21.285 [main] INFO  o.s.w.s.m.m.a.RequestMappingHandlerMapping - Mapped "{[/api/validatephone],methods=[PUT],produces=[application/json]}" onto public cn.itrip.beans.dto.Dto cn.itrip.auth.controller.UserController.validatePhone(java.lang.String,java.lang.String)
2019-08-01 19:52:21.286 [main] INFO  o.s.w.s.m.m.a.RequestMappingHandlerMapping - Mapped "{[/api/doregister],methods=[POST],produces=[application/json]}" onto public cn.itrip.beans.dto.Dto cn.itrip.auth.controller.UserController.doRegister(cn.itrip.beans.vo.userinfo.ItripUserVO)
2019-08-01 19:52:21.289 [main] INFO  o.s.w.s.m.m.a.RequestMappingHandlerMapping - Mapped "{[/vendors/wechat/token/refresh],methods=[POST],produces=[application/json]}" onto public cn.itrip.beans.dto.Dto cn.itrip.auth.controller.VendorsController.wechatRefreshToken(javax.servlet.http.HttpServletRequest,javax.servlet.http.HttpServletResponse)
2019-08-01 19:52:21.290 [main] INFO  o.s.w.s.m.m.a.RequestMappingHandlerMapping - Mapped "{[/vendors/wechat/login]}" onto public void cn.itrip.auth.controller.VendorsController.wechatLogin(javax.servlet.http.HttpServletResponse)
2019-08-01 19:52:21.290 [main] INFO  o.s.w.s.m.m.a.RequestMappingHandlerMapping - Mapped "{[/vendors/wechat/callback]}" onto public void cn.itrip.auth.controller.VendorsController.wechatCallback(java.lang.String,javax.servlet.http.HttpServletRequest,javax.servlet.http.HttpServletResponse) throws java.io.IOException
2019-08-01 19:52:21.291 [main] INFO  o.s.w.s.m.m.a.RequestMappingHandlerMapping - Mapped "{[/vendors/wechat/user/info],methods=[GET],produces=[application/json]}" onto public cn.itrip.beans.dto.Dto cn.itrip.auth.controller.VendorsController.wechatUserInfo(java.lang.String,java.lang.String)
2019-08-01 19:52:21.293 [main] INFO  o.s.w.s.m.m.a.RequestMappingHandlerMapping - Mapped "{[/v2/api-docs],methods=[GET],produces=[application/json || application/hal+json]}" onto public org.springframework.http.ResponseEntity<springfox.documentation.spring.web.json.Json> springfox.documentation.swagger2.web.Swagger2Controller.getDocumentation(java.lang.String,javax.servlet.http.HttpServletRequest)
2019-08-01 19:52:21.303 [main] INFO  o.s.w.s.m.m.a.RequestMappingHandlerMapping - Mapped "{[/swagger-resources/configuration/security]}" onto org.springframework.http.ResponseEntity<springfox.documentation.swagger.web.SecurityConfiguration> springfox.documentation.swagger.web.ApiResourceController.securityConfiguration()
2019-08-01 19:52:21.305 [main] INFO  o.s.w.s.m.m.a.RequestMappingHandlerMapping - Mapped "{[/swagger-resources/configuration/ui]}" onto org.springframework.http.ResponseEntity<springfox.documentation.swagger.web.UiConfiguration> springfox.documentation.swagger.web.ApiResourceController.uiConfiguration()
2019-08-01 19:52:21.307 [main] INFO  o.s.w.s.m.m.a.RequestMappingHandlerMapping - Mapped "{[/swagger-resources]}" onto org.springframework.http.ResponseEntity<java.util.List<springfox.documentation.swagger.web.SwaggerResource>> springfox.documentation.swagger.web.ApiResourceController.swaggerResources()
2019-08-01 19:52:21.317 [main] INFO  o.s.w.s.m.m.a.RequestMappingHandlerMapping - Mapped "{[/error]}" onto public org.springframework.http.ResponseEntity<java.util.Map<java.lang.String, java.lang.Object>> org.springframework.boot.autoconfigure.web.BasicErrorController.error(javax.servlet.http.HttpServletRequest)
2019-08-01 19:52:21.318 [main] INFO  o.s.w.s.m.m.a.RequestMappingHandlerMapping - Mapped "{[/error],produces=[text/html]}" onto public org.springframework.web.servlet.ModelAndView org.springframework.boot.autoconfigure.web.BasicErrorController.errorHtml(javax.servlet.http.HttpServletRequest,javax.servlet.http.HttpServletResponse)
2019-08-01 19:52:22.094 [main] INFO  o.s.w.s.m.m.a.RequestMappingHandlerAdapter - Looking for @ControllerAdvice: org.springframework.boot.context.embedded.AnnotationConfigEmbeddedWebApplicationContext@34b7ac2f: startup date [Thu Aug 01 19:52:12 CST 2019]; root of context hierarchy
2019-08-01 19:52:22.196 [main] INFO  o.s.web.servlet.handler.SimpleUrlHandlerMapping - Mapped URL path [/swagger-ui.html] onto handler of type [class org.springframework.web.servlet.resource.ResourceHttpRequestHandler]
2019-08-01 19:52:22.196 [main] INFO  o.s.web.servlet.handler.SimpleUrlHandlerMapping - Mapped URL path [/webjars/**] onto handler of type [class org.springframework.web.servlet.resource.ResourceHttpRequestHandler]
2019-08-01 19:52:22.196 [main] INFO  o.s.web.servlet.handler.SimpleUrlHandlerMapping - Mapped URL path [/**] onto handler of type [class org.springframework.web.servlet.resource.ResourceHttpRequestHandler]
2019-08-01 19:52:22.266 [main] INFO  o.s.web.servlet.handler.SimpleUrlHandlerMapping - Mapped URL path [/**/favicon.ico] onto handler of type [class org.springframework.web.servlet.resource.ResourceHttpRequestHandler]
2019-08-01 19:52:23.694 [main] INFO  o.s.jmx.export.annotation.AnnotationMBeanExporter - Registering beans for JMX exposure on startup
2019-08-01 19:52:23.709 [main] INFO  o.s.context.support.DefaultLifecycleProcessor - Starting beans in phase 2147483647
2019-08-01 19:52:23.710 [main] INFO  s.d.s.web.plugins.DocumentationPluginsBootstrapper - Context refreshed
2019-08-01 19:52:23.744 [main] INFO  s.d.s.web.plugins.DocumentationPluginsBootstrapper - Found 1 custom documentation plugin(s)
2019-08-01 19:52:23.769 [main] INFO  s.d.spring.web.scanners.ApiListingReferenceScanner - Scanning for api listing references
2019-08-01 19:52:24.350 [main] INFO  org.apache.coyote.http11.Http11NioProtocol - Initializing ProtocolHandler ["http-nio-8090"]
2019-08-01 19:52:24.378 [main] INFO  org.apache.coyote.http11.Http11NioProtocol - Starting ProtocolHandler ["http-nio-8090"]
2019-08-01 19:52:24.396 [main] INFO  org.apache.tomcat.util.net.NioSelectorPool - Using a shared selector for servlet write/read
2019-08-01 19:52:24.434 [main] INFO  o.s.b.c.e.tomcat.TomcatEmbeddedServletContainer - Tomcat started on port(s): 8090 (http)
2019-08-01 19:52:24.444 [main] INFO  cn.itrip.auth.Itripauth - Started Itripauth in 13.424 seconds (JVM running for 14.411)
2019-08-01 21:04:09.499 [main] INFO  cn.itrip.auth.Itripauth - Starting Itripauth on MS-20181111PFYL with PID 6384 (D:\project\itripnew\itripauth\target\classes started by Administrator in D:\project\itripnew)
2019-08-01 21:04:09.505 [main] INFO  cn.itrip.auth.Itripauth - No active profile set, falling back to default profiles: default
2019-08-01 21:04:09.635 [main] INFO  o.s.b.c.e.AnnotationConfigEmbeddedWebApplicationContext - Refreshing org.springframework.boot.context.embedded.AnnotationConfigEmbeddedWebApplicationContext@34b7ac2f: startup date [Thu Aug 01 21:04:09 CST 2019]; root of context hierarchy
2019-08-01 21:04:10.685 [background-preinit] INFO  org.hibernate.validator.internal.util.Version - HV000001: Hibernate Validator 5.3.6.Final
2019-08-01 21:04:13.202 [main] INFO  o.s.d.r.config.RepositoryConfigurationDelegate - Multiple Spring Data modules found, entering strict repository configuration mode!
2019-08-01 21:04:14.038 [main] INFO  o.s.c.s.PostProcessorRegistrationDelegate$BeanPostProcessorChecker - Bean 'org.springframework.transaction.annotation.ProxyTransactionManagementConfiguration' of type [org.springframework.transaction.annotation.ProxyTransactionManagementConfiguration$$EnhancerBySpringCGLIB$$540f50bd] is not eligible for getting processed by all BeanPostProcessors (for example: not eligible for auto-proxying)
2019-08-01 21:04:15.273 [main] INFO  o.s.b.c.e.tomcat.TomcatEmbeddedServletContainer - Tomcat initialized with port(s): 8090 (http)
2019-08-01 21:04:15.288 [main] INFO  org.apache.catalina.core.StandardService - Starting service [Tomcat]
2019-08-01 21:04:15.290 [main] INFO  org.apache.catalina.core.StandardEngine - Starting Servlet Engine: Apache Tomcat/8.5.23
2019-08-01 21:04:15.533 [localhost-startStop-1] INFO  o.a.c.core.ContainerBase.[Tomcat].[localhost].[/] - Initializing Spring embedded WebApplicationContext
2019-08-01 21:04:15.534 [localhost-startStop-1] INFO  org.springframework.web.context.ContextLoader - Root WebApplicationContext: initialization completed in 5899 ms
2019-08-01 21:04:15.818 [localhost-startStop-1] INFO  o.s.boot.web.servlet.ServletRegistrationBean - Mapping servlet: 'dispatcherServlet' to [/]
2019-08-01 21:04:15.826 [localhost-startStop-1] INFO  o.s.boot.web.servlet.FilterRegistrationBean - Mapping filter: 'characterEncodingFilter' to: [/*]
2019-08-01 21:04:15.827 [localhost-startStop-1] INFO  o.s.boot.web.servlet.FilterRegistrationBean - Mapping filter: 'hiddenHttpMethodFilter' to: [/*]
2019-08-01 21:04:15.827 [localhost-startStop-1] INFO  o.s.boot.web.servlet.FilterRegistrationBean - Mapping filter: 'httpPutFormContentFilter' to: [/*]
2019-08-01 21:04:15.827 [localhost-startStop-1] INFO  o.s.boot.web.servlet.FilterRegistrationBean - Mapping filter: 'requestContextFilter' to: [/*]
2019-08-01 21:04:18.055 [main] INFO  o.s.w.s.m.m.a.RequestMappingHandlerMapping - Mapped "{[/api/dologin],methods=[POST],produces=[application/json]}" onto public cn.itrip.beans.dto.Dto cn.itrip.auth.controller.LoginController.dologin(java.lang.String,java.lang.String,javax.servlet.http.HttpServletRequest)
2019-08-01 21:04:18.057 [main] INFO  o.s.w.s.m.m.a.RequestMappingHandlerMapping - Mapped "{[/api/logout],methods=[GET],headers=[token],produces=[application/json]}" onto public cn.itrip.beans.dto.Dto cn.itrip.auth.controller.LoginController.logout(javax.servlet.http.HttpServletRequest)
2019-08-01 21:04:18.059 [main] INFO  o.s.w.s.m.m.a.RequestMappingHandlerMapping - Mapped "{[/api/retoken],methods=[POST],produces=[application/json]}" onto public cn.itrip.beans.dto.Dto cn.itrip.auth.controller.TokenController.replace(javax.servlet.http.HttpServletRequest)
2019-08-01 21:04:18.063 [main] INFO  o.s.w.s.m.m.a.RequestMappingHandlerMapping - Mapped "{[/api/register]}" onto public java.lang.String cn.itrip.auth.controller.UserController.showRegisterForm()
2019-08-01 21:04:18.064 [main] INFO  o.s.w.s.m.m.a.RequestMappingHandlerMapping - Mapped "{[/api/registerbyphone],methods=[POST],produces=[application/json]}" onto public cn.itrip.beans.dto.Dto cn.itrip.auth.controller.UserController.registerByPhone(cn.itrip.beans.vo.userinfo.ItripUserVO)
2019-08-01 21:04:18.064 [main] INFO  o.s.w.s.m.m.a.RequestMappingHandlerMapping - Mapped "{[/api/ckusr],methods=[GET],produces=[application/json]}" onto public cn.itrip.beans.dto.Dto cn.itrip.auth.controller.UserController.checkUser(java.lang.String)
2019-08-01 21:04:18.065 [main] INFO  o.s.w.s.m.m.a.RequestMappingHandlerMapping - Mapped "{[/api/activate],methods=[PUT],produces=[application/json]}" onto public cn.itrip.beans.dto.Dto cn.itrip.auth.controller.UserController.activate(java.lang.String,java.lang.String)
2019-08-01 21:04:18.065 [main] INFO  o.s.w.s.m.m.a.RequestMappingHandlerMapping - Mapped "{[/api/validatephone],methods=[PUT],produces=[application/json]}" onto public cn.itrip.beans.dto.Dto cn.itrip.auth.controller.UserController.validatePhone(java.lang.String,java.lang.String)
2019-08-01 21:04:18.066 [main] INFO  o.s.w.s.m.m.a.RequestMappingHandlerMapping - Mapped "{[/api/doregister],methods=[POST],produces=[application/json]}" onto public cn.itrip.beans.dto.Dto cn.itrip.auth.controller.UserController.doRegister(cn.itrip.beans.vo.userinfo.ItripUserVO)
2019-08-01 21:04:18.069 [main] INFO  o.s.w.s.m.m.a.RequestMappingHandlerMapping - Mapped "{[/vendors/wechat/callback]}" onto public void cn.itrip.auth.controller.VendorsController.wechatCallback(java.lang.String,javax.servlet.http.HttpServletRequest,javax.servlet.http.HttpServletResponse) throws java.io.IOException
2019-08-01 21:04:18.069 [main] INFO  o.s.w.s.m.m.a.RequestMappingHandlerMapping - Mapped "{[/vendors/wechat/login]}" onto public void cn.itrip.auth.controller.VendorsController.wechatLogin(javax.servlet.http.HttpServletResponse)
2019-08-01 21:04:18.070 [main] INFO  o.s.w.s.m.m.a.RequestMappingHandlerMapping - Mapped "{[/vendors/wechat/user/info],methods=[GET],produces=[application/json]}" onto public cn.itrip.beans.dto.Dto cn.itrip.auth.controller.VendorsController.wechatUserInfo(java.lang.String,java.lang.String)
2019-08-01 21:04:18.070 [main] INFO  o.s.w.s.m.m.a.RequestMappingHandlerMapping - Mapped "{[/vendors/wechat/token/refresh],methods=[POST],produces=[application/json]}" onto public cn.itrip.beans.dto.Dto cn.itrip.auth.controller.VendorsController.wechatRefreshToken(javax.servlet.http.HttpServletRequest,javax.servlet.http.HttpServletResponse)
2019-08-01 21:04:18.072 [main] INFO  o.s.w.s.m.m.a.RequestMappingHandlerMapping - Mapped "{[/v2/api-docs],methods=[GET],produces=[application/json || application/hal+json]}" onto public org.springframework.http.ResponseEntity<springfox.documentation.spring.web.json.Json> springfox.documentation.swagger2.web.Swagger2Controller.getDocumentation(java.lang.String,javax.servlet.http.HttpServletRequest)
2019-08-01 21:04:18.085 [main] INFO  o.s.w.s.m.m.a.RequestMappingHandlerMapping - Mapped "{[/swagger-resources/configuration/ui]}" onto org.springframework.http.ResponseEntity<springfox.documentation.swagger.web.UiConfiguration> springfox.documentation.swagger.web.ApiResourceController.uiConfiguration()
2019-08-01 21:04:18.087 [main] INFO  o.s.w.s.m.m.a.RequestMappingHandlerMapping - Mapped "{[/swagger-resources/configuration/security]}" onto org.springframework.http.ResponseEntity<springfox.documentation.swagger.web.SecurityConfiguration> springfox.documentation.swagger.web.ApiResourceController.securityConfiguration()
2019-08-01 21:04:18.088 [main] INFO  o.s.w.s.m.m.a.RequestMappingHandlerMapping - Mapped "{[/swagger-resources]}" onto org.springframework.http.ResponseEntity<java.util.List<springfox.documentation.swagger.web.SwaggerResource>> springfox.documentation.swagger.web.ApiResourceController.swaggerResources()
2019-08-01 21:04:18.093 [main] INFO  o.s.w.s.m.m.a.RequestMappingHandlerMapping - Mapped "{[/error]}" onto public org.springframework.http.ResponseEntity<java.util.Map<java.lang.String, java.lang.Object>> org.springframework.boot.autoconfigure.web.BasicErrorController.error(javax.servlet.http.HttpServletRequest)
2019-08-01 21:04:18.094 [main] INFO  o.s.w.s.m.m.a.RequestMappingHandlerMapping - Mapped "{[/error],produces=[text/html]}" onto public org.springframework.web.servlet.ModelAndView org.springframework.boot.autoconfigure.web.BasicErrorController.errorHtml(javax.servlet.http.HttpServletRequest,javax.servlet.http.HttpServletResponse)
2019-08-01 21:04:18.927 [main] INFO  o.s.w.s.m.m.a.RequestMappingHandlerAdapter - Looking for @ControllerAdvice: org.springframework.boot.context.embedded.AnnotationConfigEmbeddedWebApplicationContext@34b7ac2f: startup date [Thu Aug 01 21:04:09 CST 2019]; root of context hierarchy
2019-08-01 21:04:19.041 [main] INFO  o.s.web.servlet.handler.SimpleUrlHandlerMapping - Mapped URL path [/swagger-ui.html] onto handler of type [class org.springframework.web.servlet.resource.ResourceHttpRequestHandler]
2019-08-01 21:04:19.041 [main] INFO  o.s.web.servlet.handler.SimpleUrlHandlerMapping - Mapped URL path [/webjars/**] onto handler of type [class org.springframework.web.servlet.resource.ResourceHttpRequestHandler]
2019-08-01 21:04:19.042 [main] INFO  o.s.web.servlet.handler.SimpleUrlHandlerMapping - Mapped URL path [/**] onto handler of type [class org.springframework.web.servlet.resource.ResourceHttpRequestHandler]
2019-08-01 21:04:19.118 [main] INFO  o.s.web.servlet.handler.SimpleUrlHandlerMapping - Mapped URL path [/**/favicon.ico] onto handler of type [class org.springframework.web.servlet.resource.ResourceHttpRequestHandler]
2019-08-01 21:04:20.000 [main] INFO  o.s.jmx.export.annotation.AnnotationMBeanExporter - Registering beans for JMX exposure on startup
2019-08-01 21:04:20.014 [main] INFO  o.s.context.support.DefaultLifecycleProcessor - Starting beans in phase 2147483647
2019-08-01 21:04:20.015 [main] INFO  s.d.s.web.plugins.DocumentationPluginsBootstrapper - Context refreshed
2019-08-01 21:04:20.055 [main] INFO  s.d.s.web.plugins.DocumentationPluginsBootstrapper - Found 1 custom documentation plugin(s)
2019-08-01 21:04:20.081 [main] INFO  s.d.spring.web.scanners.ApiListingReferenceScanner - Scanning for api listing references
2019-08-01 21:04:20.746 [main] INFO  org.apache.coyote.http11.Http11NioProtocol - Initializing ProtocolHandler ["http-nio-8090"]
2019-08-01 21:04:20.772 [main] INFO  org.apache.coyote.http11.Http11NioProtocol - Starting ProtocolHandler ["http-nio-8090"]
2019-08-01 21:04:20.792 [main] INFO  org.apache.tomcat.util.net.NioSelectorPool - Using a shared selector for servlet write/read
2019-08-01 21:04:20.836 [main] INFO  o.s.b.c.e.tomcat.TomcatEmbeddedServletContainer - Tomcat started on port(s): 8090 (http)
2019-08-01 21:04:20.845 [main] INFO  cn.itrip.auth.Itripauth - Started Itripauth in 12.389 seconds (JVM running for 13.304)
2019-08-01 21:07:56.748 [http-nio-8090-exec-1] INFO  o.a.c.core.ContainerBase.[Tomcat].[localhost].[/] - Initializing Spring FrameworkServlet 'dispatcherServlet'
2019-08-01 21:07:56.748 [http-nio-8090-exec-1] INFO  org.springframework.web.servlet.DispatcherServlet - FrameworkServlet 'dispatcherServlet': initialization started
2019-08-01 21:07:56.786 [http-nio-8090-exec-1] INFO  org.springframework.web.servlet.DispatcherServlet - FrameworkServlet 'dispatcherServlet': initialization completed in 37 ms
2019-08-01 22:17:13.164 [main] INFO  cn.itrip.auth.Itripauth - Starting Itripauth on MS-20181111PFYL with PID 6028 (D:\project\itripnew\itripauth\target\classes started by Administrator in D:\project\itripnew)
2019-08-01 22:17:13.170 [main] INFO  cn.itrip.auth.Itripauth - No active profile set, falling back to default profiles: default
2019-08-01 22:17:13.412 [main] INFO  o.s.b.c.e.AnnotationConfigEmbeddedWebApplicationContext - Refreshing org.springframework.boot.context.embedded.AnnotationConfigEmbeddedWebApplicationContext@34b7ac2f: startup date [Thu Aug 01 22:17:13 CST 2019]; root of context hierarchy
2019-08-01 22:17:14.581 [background-preinit] INFO  org.hibernate.validator.internal.util.Version - HV000001: Hibernate Validator 5.3.6.Final
2019-08-01 22:17:17.559 [main] INFO  o.s.d.r.config.RepositoryConfigurationDelegate - Multiple Spring Data modules found, entering strict repository configuration mode!
2019-08-01 22:17:18.524 [main] INFO  o.s.c.s.PostProcessorRegistrationDelegate$BeanPostProcessorChecker - Bean 'org.springframework.transaction.annotation.ProxyTransactionManagementConfiguration' of type [org.springframework.transaction.annotation.ProxyTransactionManagementConfiguration$$EnhancerBySpringCGLIB$$c4fb55f4] is not eligible for getting processed by all BeanPostProcessors (for example: not eligible for auto-proxying)
2019-08-01 22:17:19.823 [main] INFO  o.s.b.c.e.tomcat.TomcatEmbeddedServletContainer - Tomcat initialized with port(s): 8090 (http)
2019-08-01 22:17:19.841 [main] INFO  org.apache.catalina.core.StandardService - Starting service [Tomcat]
2019-08-01 22:17:19.843 [main] INFO  org.apache.catalina.core.StandardEngine - Starting Servlet Engine: Apache Tomcat/8.5.23
2019-08-01 22:17:20.112 [localhost-startStop-1] INFO  o.a.c.core.ContainerBase.[Tomcat].[localhost].[/] - Initializing Spring embedded WebApplicationContext
2019-08-01 22:17:20.113 [localhost-startStop-1] INFO  org.springframework.web.context.ContextLoader - Root WebApplicationContext: initialization completed in 6701 ms
2019-08-01 22:17:20.415 [localhost-startStop-1] INFO  o.s.boot.web.servlet.ServletRegistrationBean - Mapping servlet: 'dispatcherServlet' to [/]
2019-08-01 22:17:20.424 [localhost-startStop-1] INFO  o.s.boot.web.servlet.FilterRegistrationBean - Mapping filter: 'characterEncodingFilter' to: [/*]
2019-08-01 22:17:20.425 [localhost-startStop-1] INFO  o.s.boot.web.servlet.FilterRegistrationBean - Mapping filter: 'hiddenHttpMethodFilter' to: [/*]
2019-08-01 22:17:20.426 [localhost-startStop-1] INFO  o.s.boot.web.servlet.FilterRegistrationBean - Mapping filter: 'httpPutFormContentFilter' to: [/*]
2019-08-01 22:17:20.426 [localhost-startStop-1] INFO  o.s.boot.web.servlet.FilterRegistrationBean - Mapping filter: 'requestContextFilter' to: [/*]
2019-08-01 22:17:22.507 [main] INFO  o.s.w.s.m.m.a.RequestMappingHandlerMapping - Mapped "{[/api/dologin],methods=[POST],produces=[application/json]}" onto public cn.itrip.beans.dto.Dto cn.itrip.auth.controller.LoginController.dologin(java.lang.String,java.lang.String,javax.servlet.http.HttpServletRequest)
2019-08-01 22:17:22.510 [main] INFO  o.s.w.s.m.m.a.RequestMappingHandlerMapping - Mapped "{[/api/logout],methods=[GET],headers=[token],produces=[application/json]}" onto public cn.itrip.beans.dto.Dto cn.itrip.auth.controller.LoginController.logout(javax.servlet.http.HttpServletRequest)
2019-08-01 22:17:22.511 [main] INFO  o.s.w.s.m.m.a.RequestMappingHandlerMapping - Mapped "{[/api/retoken],methods=[POST],produces=[application/json]}" onto public cn.itrip.beans.dto.Dto cn.itrip.auth.controller.TokenController.replace(javax.servlet.http.HttpServletRequest)
2019-08-01 22:17:22.515 [main] INFO  o.s.w.s.m.m.a.RequestMappingHandlerMapping - Mapped "{[/api/register]}" onto public java.lang.String cn.itrip.auth.controller.UserController.showRegisterForm()
2019-08-01 22:17:22.516 [main] INFO  o.s.w.s.m.m.a.RequestMappingHandlerMapping - Mapped "{[/api/registerbyphone],methods=[POST],produces=[application/json]}" onto public cn.itrip.beans.dto.Dto cn.itrip.auth.controller.UserController.registerByPhone(cn.itrip.beans.vo.userinfo.ItripUserVO)
2019-08-01 22:17:22.519 [main] INFO  o.s.w.s.m.m.a.RequestMappingHandlerMapping - Mapped "{[/api/ckusr],methods=[GET],produces=[application/json]}" onto public cn.itrip.beans.dto.Dto cn.itrip.auth.controller.UserController.checkUser(java.lang.String)
2019-08-01 22:17:22.519 [main] INFO  o.s.w.s.m.m.a.RequestMappingHandlerMapping - Mapped "{[/api/activate],methods=[PUT],produces=[application/json]}" onto public cn.itrip.beans.dto.Dto cn.itrip.auth.controller.UserController.activate(java.lang.String,java.lang.String)
2019-08-01 22:17:22.520 [main] INFO  o.s.w.s.m.m.a.RequestMappingHandlerMapping - Mapped "{[/api/validatephone],methods=[PUT],produces=[application/json]}" onto public cn.itrip.beans.dto.Dto cn.itrip.auth.controller.UserController.validatePhone(java.lang.String,java.lang.String)
2019-08-01 22:17:22.521 [main] INFO  o.s.w.s.m.m.a.RequestMappingHandlerMapping - Mapped "{[/api/doregister],methods=[POST],produces=[application/json]}" onto public cn.itrip.beans.dto.Dto cn.itrip.auth.controller.UserController.doRegister(cn.itrip.beans.vo.userinfo.ItripUserVO)
2019-08-01 22:17:22.523 [main] INFO  o.s.w.s.m.m.a.RequestMappingHandlerMapping - Mapped "{[/vendors/wechat/callback]}" onto public void cn.itrip.auth.controller.VendorsController.wechatCallback(java.lang.String,javax.servlet.http.HttpServletRequest,javax.servlet.http.HttpServletResponse) throws java.io.IOException
2019-08-01 22:17:22.524 [main] INFO  o.s.w.s.m.m.a.RequestMappingHandlerMapping - Mapped "{[/vendors/wechat/login]}" onto public void cn.itrip.auth.controller.VendorsController.wechatLogin(javax.servlet.http.HttpServletResponse)
2019-08-01 22:17:22.525 [main] INFO  o.s.w.s.m.m.a.RequestMappingHandlerMapping - Mapped "{[/vendors/wechat/user/info],methods=[GET],produces=[application/json]}" onto public cn.itrip.beans.dto.Dto cn.itrip.auth.controller.VendorsController.wechatUserInfo(java.lang.String,java.lang.String)
2019-08-01 22:17:22.525 [main] INFO  o.s.w.s.m.m.a.RequestMappingHandlerMapping - Mapped "{[/vendors/wechat/token/refresh],methods=[POST],produces=[application/json]}" onto public cn.itrip.beans.dto.Dto cn.itrip.auth.controller.VendorsController.wechatRefreshToken(javax.servlet.http.HttpServletRequest,javax.servlet.http.HttpServletResponse)
2019-08-01 22:17:22.527 [main] INFO  o.s.w.s.m.m.a.RequestMappingHandlerMapping - Mapped "{[/v2/api-docs],methods=[GET],produces=[application/json || application/hal+json]}" onto public org.springframework.http.ResponseEntity<springfox.documentation.spring.web.json.Json> springfox.documentation.swagger2.web.Swagger2Controller.getDocumentation(java.lang.String,javax.servlet.http.HttpServletRequest)
2019-08-01 22:17:22.538 [main] INFO  o.s.w.s.m.m.a.RequestMappingHandlerMapping - Mapped "{[/swagger-resources/configuration/ui]}" onto org.springframework.http.ResponseEntity<springfox.documentation.swagger.web.UiConfiguration> springfox.documentation.swagger.web.ApiResourceController.uiConfiguration()
2019-08-01 22:17:22.540 [main] INFO  o.s.w.s.m.m.a.RequestMappingHandlerMapping - Mapped "{[/swagger-resources]}" onto org.springframework.http.ResponseEntity<java.util.List<springfox.documentation.swagger.web.SwaggerResource>> springfox.documentation.swagger.web.ApiResourceController.swaggerResources()
2019-08-01 22:17:22.542 [main] INFO  o.s.w.s.m.m.a.RequestMappingHandlerMapping - Mapped "{[/swagger-resources/configuration/security]}" onto org.springframework.http.ResponseEntity<springfox.documentation.swagger.web.SecurityConfiguration> springfox.documentation.swagger.web.ApiResourceController.securityConfiguration()
2019-08-01 22:17:22.550 [main] INFO  o.s.w.s.m.m.a.RequestMappingHandlerMapping - Mapped "{[/error]}" onto public org.springframework.http.ResponseEntity<java.util.Map<java.lang.String, java.lang.Object>> org.springframework.boot.autoconfigure.web.BasicErrorController.error(javax.servlet.http.HttpServletRequest)
2019-08-01 22:17:22.551 [main] INFO  o.s.w.s.m.m.a.RequestMappingHandlerMapping - Mapped "{[/error],produces=[text/html]}" onto public org.springframework.web.servlet.ModelAndView org.springframework.boot.autoconfigure.web.BasicErrorController.errorHtml(javax.servlet.http.HttpServletRequest,javax.servlet.http.HttpServletResponse)
2019-08-01 22:17:23.315 [main] INFO  o.s.w.s.m.m.a.RequestMappingHandlerAdapter - Looking for @ControllerAdvice: org.springframework.boot.context.embedded.AnnotationConfigEmbeddedWebApplicationContext@34b7ac2f: startup date [Thu Aug 01 22:17:13 CST 2019]; root of context hierarchy
2019-08-01 22:17:23.417 [main] INFO  o.s.web.servlet.handler.SimpleUrlHandlerMapping - Mapped URL path [/swagger-ui.html] onto handler of type [class org.springframework.web.servlet.resource.ResourceHttpRequestHandler]
2019-08-01 22:17:23.418 [main] INFO  o.s.web.servlet.handler.SimpleUrlHandlerMapping - Mapped URL path [/webjars/**] onto handler of type [class org.springframework.web.servlet.resource.ResourceHttpRequestHandler]
2019-08-01 22:17:23.418 [main] INFO  o.s.web.servlet.handler.SimpleUrlHandlerMapping - Mapped URL path [/**] onto handler of type [class org.springframework.web.servlet.resource.ResourceHttpRequestHandler]
2019-08-01 22:17:23.494 [main] INFO  o.s.web.servlet.handler.SimpleUrlHandlerMapping - Mapped URL path [/**/favicon.ico] onto handler of type [class org.springframework.web.servlet.resource.ResourceHttpRequestHandler]
2019-08-01 22:17:24.438 [main] INFO  o.s.jmx.export.annotation.AnnotationMBeanExporter - Registering beans for JMX exposure on startup
2019-08-01 22:17:24.454 [main] INFO  o.s.context.support.DefaultLifecycleProcessor - Starting beans in phase 2147483647
2019-08-01 22:17:24.454 [main] INFO  s.d.s.web.plugins.DocumentationPluginsBootstrapper - Context refreshed
2019-08-01 22:17:24.508 [main] INFO  s.d.s.web.plugins.DocumentationPluginsBootstrapper - Found 1 custom documentation plugin(s)
2019-08-01 22:17:24.536 [main] INFO  s.d.spring.web.scanners.ApiListingReferenceScanner - Scanning for api listing references
2019-08-01 22:17:25.378 [main] INFO  org.apache.coyote.http11.Http11NioProtocol - Initializing ProtocolHandler ["http-nio-8090"]
2019-08-01 22:17:25.405 [main] INFO  org.apache.coyote.http11.Http11NioProtocol - Starting ProtocolHandler ["http-nio-8090"]
2019-08-01 22:17:25.495 [main] INFO  org.apache.coyote.http11.Http11NioProtocol - Pausing ProtocolHandler ["http-nio-8090"]
2019-08-01 22:17:25.495 [main] INFO  org.apache.catalina.core.StandardService - Stopping service [Tomcat]
2019-08-01 22:17:25.520 [main] INFO  org.apache.catalina.util.LifecycleBase - The stop() method was called on component [StandardServer[-1]] after stop() had already been called. The second call will be ignored.
2019-08-01 22:17:25.520 [main] INFO  org.apache.coyote.http11.Http11NioProtocol - Stopping ProtocolHandler ["http-nio-8090"]
2019-08-01 22:17:25.521 [main] INFO  org.apache.coyote.http11.Http11NioProtocol - Destroying ProtocolHandler ["http-nio-8090"]
2019-08-01 22:17:25.528 [main] INFO  o.s.b.a.l.AutoConfigurationReportLoggingInitializer - 

Error starting ApplicationContext. To display the auto-configuration report re-run your application with 'debug' enabled.
2019-08-01 22:17:25.540 [main] INFO  o.s.b.c.e.AnnotationConfigEmbeddedWebApplicationContext - Closing org.springframework.boot.context.embedded.AnnotationConfigEmbeddedWebApplicationContext@34b7ac2f: startup date [Thu Aug 01 22:17:13 CST 2019]; root of context hierarchy
2019-08-01 22:17:25.542 [main] INFO  o.s.context.support.DefaultLifecycleProcessor - Stopping beans in phase 2147483647
2019-08-01 22:17:25.545 [main] INFO  o.s.jmx.export.annotation.AnnotationMBeanExporter - Unregistering JMX-exposed beans on shutdown
2019-08-01 22:17:33.860 [main] INFO  cn.itrip.auth.Itripauth - Starting Itripauth on MS-20181111PFYL with PID 4820 (D:\project\itripnew\itripauth\target\classes started by Administrator in D:\project\itripnew)
2019-08-01 22:17:33.886 [main] INFO  cn.itrip.auth.Itripauth - No active profile set, falling back to default profiles: default
2019-08-01 22:17:34.086 [main] INFO  o.s.b.c.e.AnnotationConfigEmbeddedWebApplicationContext - Refreshing org.springframework.boot.context.embedded.AnnotationConfigEmbeddedWebApplicationContext@34b7ac2f: startup date [Thu Aug 01 22:17:34 CST 2019]; root of context hierarchy
2019-08-01 22:17:36.386 [background-preinit] INFO  org.hibernate.validator.internal.util.Version - HV000001: Hibernate Validator 5.3.6.Final
2019-08-01 22:17:37.752 [main] INFO  o.s.d.r.config.RepositoryConfigurationDelegate - Multiple Spring Data modules found, entering strict repository configuration mode!
2019-08-01 22:17:38.547 [main] INFO  o.s.c.s.PostProcessorRegistrationDelegate$BeanPostProcessorChecker - Bean 'org.springframework.transaction.annotation.ProxyTransactionManagementConfiguration' of type [org.springframework.transaction.annotation.ProxyTransactionManagementConfiguration$$EnhancerBySpringCGLIB$$3ed7fc27] is not eligible for getting processed by all BeanPostProcessors (for example: not eligible for auto-proxying)
2019-08-01 22:17:39.835 [main] INFO  o.s.b.c.e.tomcat.TomcatEmbeddedServletContainer - Tomcat initialized with port(s): 8090 (http)
2019-08-01 22:17:39.855 [main] INFO  org.apache.catalina.core.StandardService - Starting service [Tomcat]
2019-08-01 22:17:39.860 [main] INFO  org.apache.catalina.core.StandardEngine - Starting Servlet Engine: Apache Tomcat/8.5.23
2019-08-01 22:17:40.238 [localhost-startStop-1] INFO  o.a.c.core.ContainerBase.[Tomcat].[localhost].[/] - Initializing Spring embedded WebApplicationContext
2019-08-01 22:17:40.238 [localhost-startStop-1] INFO  org.springframework.web.context.ContextLoader - Root WebApplicationContext: initialization completed in 6152 ms
2019-08-01 22:17:40.536 [localhost-startStop-1] INFO  o.s.boot.web.servlet.ServletRegistrationBean - Mapping servlet: 'dispatcherServlet' to [/]
2019-08-01 22:17:40.544 [localhost-startStop-1] INFO  o.s.boot.web.servlet.FilterRegistrationBean - Mapping filter: 'characterEncodingFilter' to: [/*]
2019-08-01 22:17:40.545 [localhost-startStop-1] INFO  o.s.boot.web.servlet.FilterRegistrationBean - Mapping filter: 'hiddenHttpMethodFilter' to: [/*]
2019-08-01 22:17:40.545 [localhost-startStop-1] INFO  o.s.boot.web.servlet.FilterRegistrationBean - Mapping filter: 'httpPutFormContentFilter' to: [/*]
2019-08-01 22:17:40.546 [localhost-startStop-1] INFO  o.s.boot.web.servlet.FilterRegistrationBean - Mapping filter: 'requestContextFilter' to: [/*]
2019-08-01 22:17:42.535 [main] INFO  o.s.w.s.m.m.a.RequestMappingHandlerMapping - Mapped "{[/api/dologin],methods=[POST],produces=[application/json]}" onto public cn.itrip.beans.dto.Dto cn.itrip.auth.controller.LoginController.dologin(java.lang.String,java.lang.String,javax.servlet.http.HttpServletRequest)
2019-08-01 22:17:42.537 [main] INFO  o.s.w.s.m.m.a.RequestMappingHandlerMapping - Mapped "{[/api/logout],methods=[GET],headers=[token],produces=[application/json]}" onto public cn.itrip.beans.dto.Dto cn.itrip.auth.controller.LoginController.logout(javax.servlet.http.HttpServletRequest)
2019-08-01 22:17:42.539 [main] INFO  o.s.w.s.m.m.a.RequestMappingHandlerMapping - Mapped "{[/api/retoken],methods=[POST],produces=[application/json]}" onto public cn.itrip.beans.dto.Dto cn.itrip.auth.controller.TokenController.replace(javax.servlet.http.HttpServletRequest)
2019-08-01 22:17:42.544 [main] INFO  o.s.w.s.m.m.a.RequestMappingHandlerMapping - Mapped "{[/api/doregister],methods=[POST],produces=[application/json]}" onto public cn.itrip.beans.dto.Dto cn.itrip.auth.controller.UserController.doRegister(cn.itrip.beans.vo.userinfo.ItripUserVO)
2019-08-01 22:17:42.545 [main] INFO  o.s.w.s.m.m.a.RequestMappingHandlerMapping - Mapped "{[/api/register]}" onto public java.lang.String cn.itrip.auth.controller.UserController.showRegisterForm()
2019-08-01 22:17:42.546 [main] INFO  o.s.w.s.m.m.a.RequestMappingHandlerMapping - Mapped "{[/api/registerbyphone],methods=[POST],produces=[application/json]}" onto public cn.itrip.beans.dto.Dto cn.itrip.auth.controller.UserController.registerByPhone(cn.itrip.beans.vo.userinfo.ItripUserVO)
2019-08-01 22:17:42.546 [main] INFO  o.s.w.s.m.m.a.RequestMappingHandlerMapping - Mapped "{[/api/ckusr],methods=[GET],produces=[application/json]}" onto public cn.itrip.beans.dto.Dto cn.itrip.auth.controller.UserController.checkUser(java.lang.String)
2019-08-01 22:17:42.547 [main] INFO  o.s.w.s.m.m.a.RequestMappingHandlerMapping - Mapped "{[/api/activate],methods=[PUT],produces=[application/json]}" onto public cn.itrip.beans.dto.Dto cn.itrip.auth.controller.UserController.activate(java.lang.String,java.lang.String)
2019-08-01 22:17:42.548 [main] INFO  o.s.w.s.m.m.a.RequestMappingHandlerMapping - Mapped "{[/api/validatephone],methods=[PUT],produces=[application/json]}" onto public cn.itrip.beans.dto.Dto cn.itrip.auth.controller.UserController.validatePhone(java.lang.String,java.lang.String)
2019-08-01 22:17:42.551 [main] INFO  o.s.w.s.m.m.a.RequestMappingHandlerMapping - Mapped "{[/vendors/wechat/callback]}" onto public void cn.itrip.auth.controller.VendorsController.wechatCallback(java.lang.String,javax.servlet.http.HttpServletRequest,javax.servlet.http.HttpServletResponse) throws java.io.IOException
2019-08-01 22:17:42.551 [main] INFO  o.s.w.s.m.m.a.RequestMappingHandlerMapping - Mapped "{[/vendors/wechat/login]}" onto public void cn.itrip.auth.controller.VendorsController.wechatLogin(javax.servlet.http.HttpServletResponse)
2019-08-01 22:17:42.552 [main] INFO  o.s.w.s.m.m.a.RequestMappingHandlerMapping - Mapped "{[/vendors/wechat/user/info],methods=[GET],produces=[application/json]}" onto public cn.itrip.beans.dto.Dto cn.itrip.auth.controller.VendorsController.wechatUserInfo(java.lang.String,java.lang.String)
2019-08-01 22:17:42.553 [main] INFO  o.s.w.s.m.m.a.RequestMappingHandlerMapping - Mapped "{[/vendors/wechat/token/refresh],methods=[POST],produces=[application/json]}" onto public cn.itrip.beans.dto.Dto cn.itrip.auth.controller.VendorsController.wechatRefreshToken(javax.servlet.http.HttpServletRequest,javax.servlet.http.HttpServletResponse)
2019-08-01 22:17:42.555 [main] INFO  o.s.w.s.m.m.a.RequestMappingHandlerMapping - Mapped "{[/v2/api-docs],methods=[GET],produces=[application/json || application/hal+json]}" onto public org.springframework.http.ResponseEntity<springfox.documentation.spring.web.json.Json> springfox.documentation.swagger2.web.Swagger2Controller.getDocumentation(java.lang.String,javax.servlet.http.HttpServletRequest)
2019-08-01 22:17:42.574 [main] INFO  o.s.w.s.m.m.a.RequestMappingHandlerMapping - Mapped "{[/swagger-resources/configuration/security]}" onto org.springframework.http.ResponseEntity<springfox.documentation.swagger.web.SecurityConfiguration> springfox.documentation.swagger.web.ApiResourceController.securityConfiguration()
2019-08-01 22:17:42.576 [main] INFO  o.s.w.s.m.m.a.RequestMappingHandlerMapping - Mapped "{[/swagger-resources/configuration/ui]}" onto org.springframework.http.ResponseEntity<springfox.documentation.swagger.web.UiConfiguration> springfox.documentation.swagger.web.ApiResourceController.uiConfiguration()
2019-08-01 22:17:42.578 [main] INFO  o.s.w.s.m.m.a.RequestMappingHandlerMapping - Mapped "{[/swagger-resources]}" onto org.springframework.http.ResponseEntity<java.util.List<springfox.documentation.swagger.web.SwaggerResource>> springfox.documentation.swagger.web.ApiResourceController.swaggerResources()
2019-08-01 22:17:42.584 [main] INFO  o.s.w.s.m.m.a.RequestMappingHandlerMapping - Mapped "{[/error]}" onto public org.springframework.http.ResponseEntity<java.util.Map<java.lang.String, java.lang.Object>> org.springframework.boot.autoconfigure.web.BasicErrorController.error(javax.servlet.http.HttpServletRequest)
2019-08-01 22:17:42.585 [main] INFO  o.s.w.s.m.m.a.RequestMappingHandlerMapping - Mapped "{[/error],produces=[text/html]}" onto public org.springframework.web.servlet.ModelAndView org.springframework.boot.autoconfigure.web.BasicErrorController.errorHtml(javax.servlet.http.HttpServletRequest,javax.servlet.http.HttpServletResponse)
2019-08-01 22:17:43.315 [main] INFO  o.s.w.s.m.m.a.RequestMappingHandlerAdapter - Looking for @ControllerAdvice: org.springframework.boot.context.embedded.AnnotationConfigEmbeddedWebApplicationContext@34b7ac2f: startup date [Thu Aug 01 22:17:34 CST 2019]; root of context hierarchy
2019-08-01 22:17:43.429 [main] INFO  o.s.web.servlet.handler.SimpleUrlHandlerMapping - Mapped URL path [/swagger-ui.html] onto handler of type [class org.springframework.web.servlet.resource.ResourceHttpRequestHandler]
2019-08-01 22:17:43.429 [main] INFO  o.s.web.servlet.handler.SimpleUrlHandlerMapping - Mapped URL path [/webjars/**] onto handler of type [class org.springframework.web.servlet.resource.ResourceHttpRequestHandler]
2019-08-01 22:17:43.429 [main] INFO  o.s.web.servlet.handler.SimpleUrlHandlerMapping - Mapped URL path [/**] onto handler of type [class org.springframework.web.servlet.resource.ResourceHttpRequestHandler]
2019-08-01 22:17:43.513 [main] INFO  o.s.web.servlet.handler.SimpleUrlHandlerMapping - Mapped URL path [/**/favicon.ico] onto handler of type [class org.springframework.web.servlet.resource.ResourceHttpRequestHandler]
2019-08-01 22:17:44.421 [main] INFO  o.s.jmx.export.annotation.AnnotationMBeanExporter - Registering beans for JMX exposure on startup
2019-08-01 22:17:44.436 [main] INFO  o.s.context.support.DefaultLifecycleProcessor - Starting beans in phase 2147483647
2019-08-01 22:17:44.437 [main] INFO  s.d.s.web.plugins.DocumentationPluginsBootstrapper - Context refreshed
2019-08-01 22:17:44.481 [main] INFO  s.d.s.web.plugins.DocumentationPluginsBootstrapper - Found 1 custom documentation plugin(s)
2019-08-01 22:17:44.506 [main] INFO  s.d.spring.web.scanners.ApiListingReferenceScanner - Scanning for api listing references
2019-08-01 22:17:45.189 [main] INFO  org.apache.coyote.http11.Http11NioProtocol - Initializing ProtocolHandler ["http-nio-8090"]
2019-08-01 22:17:45.221 [main] INFO  org.apache.coyote.http11.Http11NioProtocol - Starting ProtocolHandler ["http-nio-8090"]
2019-08-01 22:17:45.242 [main] INFO  org.apache.tomcat.util.net.NioSelectorPool - Using a shared selector for servlet write/read
2019-08-01 22:17:45.281 [main] INFO  o.s.b.c.e.tomcat.TomcatEmbeddedServletContainer - Tomcat started on port(s): 8090 (http)
2019-08-01 22:17:45.294 [main] INFO  cn.itrip.auth.Itripauth - Started Itripauth in 12.468 seconds (JVM running for 13.401)
2019-08-01 22:18:17.107 [http-nio-8090-exec-1] INFO  o.a.c.core.ContainerBase.[Tomcat].[localhost].[/] - Initializing Spring FrameworkServlet 'dispatcherServlet'
2019-08-01 22:18:17.107 [http-nio-8090-exec-1] INFO  org.springframework.web.servlet.DispatcherServlet - FrameworkServlet 'dispatcherServlet': initialization started
2019-08-01 22:18:17.144 [http-nio-8090-exec-1] INFO  org.springframework.web.servlet.DispatcherServlet - FrameworkServlet 'dispatcherServlet': initialization completed in 36 ms
